c:\users\edselmalasig\documents\github\virtuoso_reality\lib-windows\glfw-3.2.1\build\src\glfw.dir\debug\vc140.pdb
c:\users\edselmalasig\documents\github\virtuoso_reality\lib-windows\glfw-3.2.1\build\src\glfw.dir\debug\egl_context.obj
c:\users\edselmalasig\documents\github\virtuoso_reality\lib-windows\glfw-3.2.1\build\src\glfw.dir\debug\wgl_context.obj
c:\users\edselmalasig\documents\github\virtuoso_reality\lib-windows\glfw-3.2.1\build\src\glfw.dir\debug\win32_window.obj
c:\users\edselmalasig\documents\github\virtuoso_reality\lib-windows\glfw-3.2.1\build\src\glfw.dir\debug\win32_tls.obj
c:\users\edselmalasig\documents\github\virtuoso_reality\lib-windows\glfw-3.2.1\build\src\glfw.dir\debug\win32_time.obj
c:\users\edselmalasig\documents\github\virtuoso_reality\lib-windows\glfw-3.2.1\build\src\glfw.dir\debug\win32_monitor.obj
c:\users\edselmalasig\documents\github\virtuoso_reality\lib-windows\glfw-3.2.1\build\src\glfw.dir\debug\win32_joystick.obj
c:\users\edselmalasig\documents\github\virtuoso_reality\lib-windows\glfw-3.2.1\build\src\glfw.dir\debug\win32_init.obj
c:\users\edselmalasig\documents\github\virtuoso_reality\lib-windows\glfw-3.2.1\build\src\glfw.dir\debug\window.obj
c:\users\edselmalasig\documents\github\virtuoso_reality\lib-windows\glfw-3.2.1\build\src\glfw.dir\debug\vulkan.obj
c:\users\edselmalasig\documents\github\virtuoso_reality\lib-windows\glfw-3.2.1\build\src\glfw.dir\debug\monitor.obj
c:\users\edselmalasig\documents\github\virtuoso_reality\lib-windows\glfw-3.2.1\build\src\glfw.dir\debug\input.obj
c:\users\edselmalasig\documents\github\virtuoso_reality\lib-windows\glfw-3.2.1\build\src\glfw.dir\debug\init.obj
c:\users\edselmalasig\documents\github\virtuoso_reality\lib-windows\glfw-3.2.1\build\src\glfw.dir\debug\context.obj
c:\users\edselmalasig\documents\github\virtuoso_reality\lib-windows\glfw-3.2.1\build\src\cmakefiles\generate.stamp
c:\users\edselmalasig\documents\github\virtuoso_reality\lib-windows\glfw-3.2.1\build\src\debug\glfw3dll.lib
c:\users\edselmalasig\documents\github\virtuoso_reality\lib-windows\glfw-3.2.1\build\src\debug\glfw3dll.exp
c:\users\edselmalasig\documents\github\virtuoso_reality\lib-windows\glfw-3.2.1\build\src\debug\glfw3.ilk
c:\users\edselmalasig\documents\github\virtuoso_reality\lib-windows\glfw-3.2.1\build\src\debug\glfw3.dll
c:\users\edselmalasig\documents\github\virtuoso_reality\lib-windows\glfw-3.2.1\build\src\debug\glfw3.pdb
c:\users\edselmalasig\documents\github\virtuoso_reality\lib-windows\glfw-3.2.1\build\src\glfw.dir\debug\glfw.tlog\cl.command.1.tlog
c:\users\edselmalasig\documents\github\virtuoso_reality\lib-windows\glfw-3.2.1\build\src\glfw.dir\debug\glfw.tlog\cl.read.1.tlog
c:\users\edselmalasig\documents\github\virtuoso_reality\lib-windows\glfw-3.2.1\build\src\glfw.dir\debug\glfw.tlog\cl.write.1.tlog
c:\users\edselmalasig\documents\github\virtuoso_reality\lib-windows\glfw-3.2.1\build\src\glfw.dir\debug\glfw.tlog\custombuild.command.1.tlog
c:\users\edselmalasig\documents\github\virtuoso_reality\lib-windows\glfw-3.2.1\build\src\glfw.dir\debug\glfw.tlog\custombuild.read.1.tlog
c:\users\edselmalasig\documents\github\virtuoso_reality\lib-windows\glfw-3.2.1\build\src\glfw.dir\debug\glfw.tlog\custombuild.write.1.tlog
c:\users\edselmalasig\documents\github\virtuoso_reality\lib-windows\glfw-3.2.1\build\src\glfw.dir\debug\glfw.tlog\glfw.write.1u.tlog
c:\users\edselmalasig\documents\github\virtuoso_reality\lib-windows\glfw-3.2.1\build\src\glfw.dir\debug\glfw.tlog\link.command.1.tlog
c:\users\edselmalasig\documents\github\virtuoso_reality\lib-windows\glfw-3.2.1\build\src\glfw.dir\debug\glfw.tlog\link.read.1.tlog
c:\users\edselmalasig\documents\github\virtuoso_reality\lib-windows\glfw-3.2.1\build\src\glfw.dir\debug\glfw.tlog\link.write.1.tlog
