The system is: Darwin - 16.4.0 - x86_64
Compiling the C compiler identification source file "CMakeCCompilerId.c" succeeded.
Compiler: /Applications/Xcode.app/Contents/Developer/Toolchains/XcodeDefault.xctoolchain/usr/bin/cc 
Build flags: 
Id flags: 

The output was:
0


Compilation of the C compiler identification source "CMakeCCompilerId.c" produced "a.out"

The C compiler identification is AppleClang, found in "/Users/edselmalasig/Desktop/Virtuous_Reality/lib/glfw-3.2.1/build/CMakeFiles/3.6.2/CompilerIdC/a.out"

Determining if the C compiler works passed with the following output:
Change Dir: /Users/edselmalasig/Desktop/Virtuous_Reality/lib/glfw-3.2.1/build/CMakeFiles/CMakeTmp

Run Build Command:"/usr/bin/make" "cmTC_2b052/fast"
/Applications/Xcode.app/Contents/Developer/usr/bin/make -f CMakeFiles/cmTC_2b052.dir/build.make CMakeFiles/cmTC_2b052.dir/build
Building C object CMakeFiles/cmTC_2b052.dir/testCCompiler.c.o
/Applications/Xcode.app/Contents/Developer/Toolchains/XcodeDefault.xctoolchain/usr/bin/cc     -o CMakeFiles/cmTC_2b052.dir/testCCompiler.c.o   -c /Users/edselmalasig/Desktop/Virtuous_Reality/lib/glfw-3.2.1/build/CMakeFiles/CMakeTmp/testCCompiler.c
Linking C executable cmTC_2b052
/usr/local/Cellar/cmake/3.6.2/bin/cmake -E cmake_link_script CMakeFiles/cmTC_2b052.dir/link.txt --verbose=1
/Applications/Xcode.app/Contents/Developer/Toolchains/XcodeDefault.xctoolchain/usr/bin/cc    -Wl,-search_paths_first -Wl,-headerpad_max_install_names   CMakeFiles/cmTC_2b052.dir/testCCompiler.c.o  -o cmTC_2b052  


Detecting C compiler ABI info compiled with the following output:
Change Dir: /Users/edselmalasig/Desktop/Virtuous_Reality/lib/glfw-3.2.1/build/CMakeFiles/CMakeTmp

Run Build Command:"/usr/bin/make" "cmTC_6d7f9/fast"
/Applications/Xcode.app/Contents/Developer/usr/bin/make -f CMakeFiles/cmTC_6d7f9.dir/build.make CMakeFiles/cmTC_6d7f9.dir/build
Building C object CMakeFiles/cmTC_6d7f9.dir/CMakeCCompilerABI.c.o
/Applications/Xcode.app/Contents/Developer/Toolchains/XcodeDefault.xctoolchain/usr/bin/cc     -o CMakeFiles/cmTC_6d7f9.dir/CMakeCCompilerABI.c.o   -c /usr/local/Cellar/cmake/3.6.2/share/cmake/Modules/CMakeCCompilerABI.c
Linking C executable cmTC_6d7f9
/usr/local/Cellar/cmake/3.6.2/bin/cmake -E cmake_link_script CMakeFiles/cmTC_6d7f9.dir/link.txt --verbose=1
/Applications/Xcode.app/Contents/Developer/Toolchains/XcodeDefault.xctoolchain/usr/bin/cc    -Wl,-search_paths_first -Wl,-headerpad_max_install_names  -v -Wl,-v CMakeFiles/cmTC_6d7f9.dir/CMakeCCompilerABI.c.o  -o cmTC_6d7f9   
Apple LLVM version 8.0.0 (clang-800.0.42.1)
Target: x86_64-apple-darwin16.4.0
Thread model: posix
InstalledDir: /Applications/Xcode.app/Contents/Developer/Toolchains/XcodeDefault.xctoolchain/usr/bin
 "/Applications/Xcode.app/Contents/Developer/Toolchains/XcodeDefault.xctoolchain/usr/bin/ld" -demangle -dynamic -arch x86_64 -macosx_version_min 10.12.0 -o cmTC_6d7f9 -search_paths_first -headerpad_max_install_names -v CMakeFiles/cmTC_6d7f9.dir/CMakeCCompilerABI.c.o -lSystem /Applications/Xcode.app/Contents/Developer/Toolchains/XcodeDefault.xctoolchain/usr/bin/../lib/clang/8.0.0/lib/darwin/libclang_rt.osx.a
@(#)PROGRAM:ld  PROJECT:ld64-274.2
configured to support archs: armv6 armv7 armv7s arm64 i386 x86_64 x86_64h armv6m armv7k armv7m armv7em (tvOS)
Library search paths:
	/usr/lib
	/usr/local/lib
Framework search paths:
	/Library/Frameworks/
	/System/Library/Frameworks/


Parsed C implicit link information from above output:
  link line regex: [^( *|.*[/\])(ld|([^/\]+-)?ld|collect2)[^/\]*( |$)]
  ignore line: [Change Dir: /Users/edselmalasig/Desktop/Virtuous_Reality/lib/glfw-3.2.1/build/CMakeFiles/CMakeTmp]
  ignore line: []
  ignore line: [Run Build Command:"/usr/bin/make" "cmTC_6d7f9/fast"]
  ignore line: [/Applications/Xcode.app/Contents/Developer/usr/bin/make -f CMakeFiles/cmTC_6d7f9.dir/build.make CMakeFiles/cmTC_6d7f9.dir/build]
  ignore line: [Building C object CMakeFiles/cmTC_6d7f9.dir/CMakeCCompilerABI.c.o]
  ignore line: [/Applications/Xcode.app/Contents/Developer/Toolchains/XcodeDefault.xctoolchain/usr/bin/cc     -o CMakeFiles/cmTC_6d7f9.dir/CMakeCCompilerABI.c.o   -c /usr/local/Cellar/cmake/3.6.2/share/cmake/Modules/CMakeCCompilerABI.c]
  ignore line: [Linking C executable cmTC_6d7f9]
  ignore line: [/usr/local/Cellar/cmake/3.6.2/bin/cmake -E cmake_link_script CMakeFiles/cmTC_6d7f9.dir/link.txt --verbose=1]
  ignore line: [/Applications/Xcode.app/Contents/Developer/Toolchains/XcodeDefault.xctoolchain/usr/bin/cc    -Wl,-search_paths_first -Wl,-headerpad_max_install_names  -v -Wl,-v CMakeFiles/cmTC_6d7f9.dir/CMakeCCompilerABI.c.o  -o cmTC_6d7f9   ]
  ignore line: [Apple LLVM version 8.0.0 (clang-800.0.42.1)]
  ignore line: [Target: x86_64-apple-darwin16.4.0]
  ignore line: [Thread model: posix]
  ignore line: [InstalledDir: /Applications/Xcode.app/Contents/Developer/Toolchains/XcodeDefault.xctoolchain/usr/bin]
  link line: [ "/Applications/Xcode.app/Contents/Developer/Toolchains/XcodeDefault.xctoolchain/usr/bin/ld" -demangle -dynamic -arch x86_64 -macosx_version_min 10.12.0 -o cmTC_6d7f9 -search_paths_first -headerpad_max_install_names -v CMakeFiles/cmTC_6d7f9.dir/CMakeCCompilerABI.c.o -lSystem /Applications/Xcode.app/Contents/Developer/Toolchains/XcodeDefault.xctoolchain/usr/bin/../lib/clang/8.0.0/lib/darwin/libclang_rt.osx.a]
    arg [/Applications/Xcode.app/Contents/Developer/Toolchains/XcodeDefault.xctoolchain/usr/bin/ld] ==> ignore
    arg [-demangle] ==> ignore
    arg [-dynamic] ==> ignore
    arg [-arch] ==> ignore
    arg [x86_64] ==> ignore
    arg [-macosx_version_min] ==> ignore
    arg [10.12.0] ==> ignore
    arg [-o] ==> ignore
    arg [cmTC_6d7f9] ==> ignore
    arg [-search_paths_first] ==> ignore
    arg [-headerpad_max_install_names] ==> ignore
    arg [-v] ==> ignore
    arg [CMakeFiles/cmTC_6d7f9.dir/CMakeCCompilerABI.c.o] ==> ignore
    arg [-lSystem] ==> lib [System]
    arg [/Applications/Xcode.app/Contents/Developer/Toolchains/XcodeDefault.xctoolchain/usr/bin/../lib/clang/8.0.0/lib/darwin/libclang_rt.osx.a] ==> lib [/Applications/Xcode.app/Contents/Developer/Toolchains/XcodeDefault.xctoolchain/usr/bin/../lib/clang/8.0.0/lib/darwin/libclang_rt.osx.a]
  Library search paths: [;/usr/lib;/usr/local/lib]
  Framework search paths: [;/Library/Frameworks/;/System/Library/Frameworks/]
  remove lib [System]
  collapse lib [/Applications/Xcode.app/Contents/Developer/Toolchains/XcodeDefault.xctoolchain/usr/bin/../lib/clang/8.0.0/lib/darwin/libclang_rt.osx.a] ==> [/Applications/Xcode.app/Contents/Developer/Toolchains/XcodeDefault.xctoolchain/usr/lib/clang/8.0.0/lib/darwin/libclang_rt.osx.a]
  collapse library dir [/usr/lib] ==> [/usr/lib]
  collapse library dir [/usr/local/lib] ==> [/usr/local/lib]
  collapse framework dir [/Library/Frameworks/] ==> [/Library/Frameworks]
  collapse framework dir [/System/Library/Frameworks/] ==> [/System/Library/Frameworks]
  implicit libs: [/Applications/Xcode.app/Contents/Developer/Toolchains/XcodeDefault.xctoolchain/usr/lib/clang/8.0.0/lib/darwin/libclang_rt.osx.a]
  implicit dirs: [/usr/lib;/usr/local/lib]
  implicit fwks: [/Library/Frameworks;/System/Library/Frameworks]




Detecting C [-std=c11] compiler features compiled with the following output:
Change Dir: /Users/edselmalasig/Desktop/Virtuous_Reality/lib/glfw-3.2.1/build/CMakeFiles/CMakeTmp

Run Build Command:"/usr/bin/make" "cmTC_af1ba/fast"
/Applications/Xcode.app/Contents/Developer/usr/bin/make -f CMakeFiles/cmTC_af1ba.dir/build.make CMakeFiles/cmTC_af1ba.dir/build
Building C object CMakeFiles/cmTC_af1ba.dir/feature_tests.c.o
/Applications/Xcode.app/Contents/Developer/Toolchains/XcodeDefault.xctoolchain/usr/bin/cc    -std=c11 -o CMakeFiles/cmTC_af1ba.dir/feature_tests.c.o   -c /Users/edselmalasig/Desktop/Virtuous_Reality/lib/glfw-3.2.1/build/CMakeFiles/feature_tests.c
Linking C executable cmTC_af1ba
/usr/local/Cellar/cmake/3.6.2/bin/cmake -E cmake_link_script CMakeFiles/cmTC_af1ba.dir/link.txt --verbose=1
/Applications/Xcode.app/Contents/Developer/Toolchains/XcodeDefault.xctoolchain/usr/bin/cc    -Wl,-search_paths_first -Wl,-headerpad_max_install_names   CMakeFiles/cmTC_af1ba.dir/feature_tests.c.o  -o cmTC_af1ba  


    Feature record: C_FEATURE:1c_function_prototypes
    Feature record: C_FEATURE:1c_restrict
    Feature record: C_FEATURE:1c_static_assert
    Feature record: C_FEATURE:1c_variadic_macros


Detecting C [-std=c99] compiler features compiled with the following output:
Change Dir: /Users/edselmalasig/Desktop/Virtuous_Reality/lib/glfw-3.2.1/build/CMakeFiles/CMakeTmp

Run Build Command:"/usr/bin/make" "cmTC_5ae47/fast"
/Applications/Xcode.app/Contents/Developer/usr/bin/make -f CMakeFiles/cmTC_5ae47.dir/build.make CMakeFiles/cmTC_5ae47.dir/build
Building C object CMakeFiles/cmTC_5ae47.dir/feature_tests.c.o
/Applications/Xcode.app/Contents/Developer/Toolchains/XcodeDefault.xctoolchain/usr/bin/cc    -std=c99 -o CMakeFiles/cmTC_5ae47.dir/feature_tests.c.o   -c /Users/edselmalasig/Desktop/Virtuous_Reality/lib/glfw-3.2.1/build/CMakeFiles/feature_tests.c
Linking C executable cmTC_5ae47
/usr/local/Cellar/cmake/3.6.2/bin/cmake -E cmake_link_script CMakeFiles/cmTC_5ae47.dir/link.txt --verbose=1
/Applications/Xcode.app/Contents/Developer/Toolchains/XcodeDefault.xctoolchain/usr/bin/cc    -Wl,-search_paths_first -Wl,-headerpad_max_install_names   CMakeFiles/cmTC_5ae47.dir/feature_tests.c.o  -o cmTC_5ae47  


    Feature record: C_FEATURE:1c_function_prototypes
    Feature record: C_FEATURE:1c_restrict
    Feature record: C_FEATURE:0c_static_assert
    Feature record: C_FEATURE:1c_variadic_macros


Detecting C [-std=c90] compiler features compiled with the following output:
Change Dir: /Users/edselmalasig/Desktop/Virtuous_Reality/lib/glfw-3.2.1/build/CMakeFiles/CMakeTmp

Run Build Command:"/usr/bin/make" "cmTC_7933e/fast"
/Applications/Xcode.app/Contents/Developer/usr/bin/make -f CMakeFiles/cmTC_7933e.dir/build.make CMakeFiles/cmTC_7933e.dir/build
Building C object CMakeFiles/cmTC_7933e.dir/feature_tests.c.o
/Applications/Xcode.app/Contents/Developer/Toolchains/XcodeDefault.xctoolchain/usr/bin/cc    -std=c90 -o CMakeFiles/cmTC_7933e.dir/feature_tests.c.o   -c /Users/edselmalasig/Desktop/Virtuous_Reality/lib/glfw-3.2.1/build/CMakeFiles/feature_tests.c
Linking C executable cmTC_7933e
/usr/local/Cellar/cmake/3.6.2/bin/cmake -E cmake_link_script CMakeFiles/cmTC_7933e.dir/link.txt --verbose=1
/Applications/Xcode.app/Contents/Developer/Toolchains/XcodeDefault.xctoolchain/usr/bin/cc    -Wl,-search_paths_first -Wl,-headerpad_max_install_names   CMakeFiles/cmTC_7933e.dir/feature_tests.c.o  -o cmTC_7933e  


    Feature record: C_FEATURE:1c_function_prototypes
    Feature record: C_FEATURE:0c_restrict
    Feature record: C_FEATURE:0c_static_assert
    Feature record: C_FEATURE:0c_variadic_macros
Determining if the include file pthread.h exists passed with the following output:
Change Dir: /Users/edselmalasig/Desktop/Virtuous_Reality/lib/glfw-3.2.1/build/CMakeFiles/CMakeTmp

Run Build Command:"/usr/bin/make" "cmTC_8e7db/fast"
/Applications/Xcode.app/Contents/Developer/usr/bin/make -f CMakeFiles/cmTC_8e7db.dir/build.make CMakeFiles/cmTC_8e7db.dir/build
Building C object CMakeFiles/cmTC_8e7db.dir/CheckIncludeFile.c.o
/Applications/Xcode.app/Contents/Developer/Toolchains/XcodeDefault.xctoolchain/usr/bin/cc     -o CMakeFiles/cmTC_8e7db.dir/CheckIncludeFile.c.o   -c /Users/edselmalasig/Desktop/Virtuous_Reality/lib/glfw-3.2.1/build/CMakeFiles/CMakeTmp/CheckIncludeFile.c
Linking C executable cmTC_8e7db
/usr/local/Cellar/cmake/3.6.2/bin/cmake -E cmake_link_script CMakeFiles/cmTC_8e7db.dir/link.txt --verbose=1
/Applications/Xcode.app/Contents/Developer/Toolchains/XcodeDefault.xctoolchain/usr/bin/cc    -Wl,-search_paths_first -Wl,-headerpad_max_install_names   CMakeFiles/cmTC_8e7db.dir/CheckIncludeFile.c.o  -o cmTC_8e7db  


Determining if the pthread_create exist passed with the following output:
Change Dir: /Users/edselmalasig/Desktop/Virtuous_Reality/lib/glfw-3.2.1/build/CMakeFiles/CMakeTmp

Run Build Command:"/usr/bin/make" "cmTC_0037e/fast"
/Applications/Xcode.app/Contents/Developer/usr/bin/make -f CMakeFiles/cmTC_0037e.dir/build.make CMakeFiles/cmTC_0037e.dir/build
Building C object CMakeFiles/cmTC_0037e.dir/CheckSymbolExists.c.o
/Applications/Xcode.app/Contents/Developer/Toolchains/XcodeDefault.xctoolchain/usr/bin/cc     -o CMakeFiles/cmTC_0037e.dir/CheckSymbolExists.c.o   -c /Users/edselmalasig/Desktop/Virtuous_Reality/lib/glfw-3.2.1/build/CMakeFiles/CMakeTmp/CheckSymbolExists.c
Linking C executable cmTC_0037e
/usr/local/Cellar/cmake/3.6.2/bin/cmake -E cmake_link_script CMakeFiles/cmTC_0037e.dir/link.txt --verbose=1
/Applications/Xcode.app/Contents/Developer/Toolchains/XcodeDefault.xctoolchain/usr/bin/cc    -Wl,-search_paths_first -Wl,-headerpad_max_install_names   CMakeFiles/cmTC_0037e.dir/CheckSymbolExists.c.o  -o cmTC_0037e  

File /Users/edselmalasig/Desktop/Virtuous_Reality/lib/glfw-3.2.1/build/CMakeFiles/CMakeTmp/CheckSymbolExists.c:
/* */
#include <pthread.h>

int main(int argc, char** argv)
{
  (void)argv;
#ifndef pthread_create
  return ((int*)(&pthread_create))[argc];
#else
  (void)argc;
  return 0;
#endif
}

Determining if the include file pthread.h exists passed with the following output:
Change Dir: /Users/edselmalasig/Desktop/Virtuous_Reality/lib/glfw-3.2.1/build/CMakeFiles/CMakeTmp

Run Build Command:"/usr/bin/make" "cmTC_58356/fast"
/Applications/Xcode.app/Contents/Developer/usr/bin/make -f CMakeFiles/cmTC_58356.dir/build.make CMakeFiles/cmTC_58356.dir/build
Building C object CMakeFiles/cmTC_58356.dir/CheckIncludeFile.c.o
/Applications/Xcode.app/Contents/Developer/Toolchains/XcodeDefault.xctoolchain/usr/bin/cc     -o CMakeFiles/cmTC_58356.dir/CheckIncludeFile.c.o   -c /Users/edselmalasig/Desktop/Virtuous_Reality/lib/glfw-3.2.1/build/CMakeFiles/CMakeTmp/CheckIncludeFile.c
Linking C executable cmTC_58356
/usr/local/Cellar/cmake/3.6.2/bin/cmake -E cmake_link_script CMakeFiles/cmTC_58356.dir/link.txt --verbose=1
/Applications/Xcode.app/Contents/Developer/Toolchains/XcodeDefault.xctoolchain/usr/bin/cc    -Wl,-search_paths_first -Wl,-headerpad_max_install_names   CMakeFiles/cmTC_58356.dir/CheckIncludeFile.c.o  -o cmTC_58356  


Determining if the pthread_create exist passed with the following output:
Change Dir: /Users/edselmalasig/Desktop/Virtuous_Reality/lib/glfw-3.2.1/build/CMakeFiles/CMakeTmp

Run Build Command:"/usr/bin/make" "cmTC_027f1/fast"
/Applications/Xcode.app/Contents/Developer/usr/bin/make -f CMakeFiles/cmTC_027f1.dir/build.make CMakeFiles/cmTC_027f1.dir/build
Building C object CMakeFiles/cmTC_027f1.dir/CheckSymbolExists.c.o
/Applications/Xcode.app/Contents/Developer/Toolchains/XcodeDefault.xctoolchain/usr/bin/cc     -o CMakeFiles/cmTC_027f1.dir/CheckSymbolExists.c.o   -c /Users/edselmalasig/Desktop/Virtuous_Reality/lib/glfw-3.2.1/build/CMakeFiles/CMakeTmp/CheckSymbolExists.c
Linking C executable cmTC_027f1
/usr/local/Cellar/cmake/3.6.2/bin/cmake -E cmake_link_script CMakeFiles/cmTC_027f1.dir/link.txt --verbose=1
/Applications/Xcode.app/Contents/Developer/Toolchains/XcodeDefault.xctoolchain/usr/bin/cc    -Wl,-search_paths_first -Wl,-headerpad_max_install_names   CMakeFiles/cmTC_027f1.dir/CheckSymbolExists.c.o  -o cmTC_027f1  

File /Users/edselmalasig/Desktop/Virtuous_Reality/lib/glfw-3.2.1/build/CMakeFiles/CMakeTmp/CheckSymbolExists.c:
/* */
#include <pthread.h>

int main(int argc, char** argv)
{
  (void)argv;
#ifndef pthread_create
  return ((int*)(&pthread_create))[argc];
#else
  (void)argc;
  return 0;
#endif
}

