c:\users\edselmalasig\documents\github\virtuoso_reality\lib-windows\glew-2.0.0\build\glew.dir\debug\vc140.pdb
c:\users\edselmalasig\documents\github\virtuoso_reality\lib-windows\glew-2.0.0\build\glew.dir\debug\glew.obj
c:\users\edselmalasig\documents\github\virtuoso_reality\lib-windows\glew-2.0.0\build\cmakefiles\generate.stamp
c:\users\edselmalasig\documents\github\virtuoso_reality\lib-windows\glew-2.0.0\build\glew.dir\debug\glew.res
c:\users\edselmalasig\documents\github\virtuoso_reality\lib-windows\glew-2.0.0\build\bin\debug\glew32d.pdb
c:\users\edselmalasig\documents\github\virtuoso_reality\lib-windows\glew-2.0.0\build\glew.dir\debug\glew.tlog\cl.command.1.tlog
c:\users\edselmalasig\documents\github\virtuoso_reality\lib-windows\glew-2.0.0\build\glew.dir\debug\glew.tlog\cl.read.1.tlog
c:\users\edselmalasig\documents\github\virtuoso_reality\lib-windows\glew-2.0.0\build\glew.dir\debug\glew.tlog\cl.write.1.tlog
c:\users\edselmalasig\documents\github\virtuoso_reality\lib-windows\glew-2.0.0\build\glew.dir\debug\glew.tlog\custombuild.command.1.tlog
c:\users\edselmalasig\documents\github\virtuoso_reality\lib-windows\glew-2.0.0\build\glew.dir\debug\glew.tlog\custombuild.read.1.tlog
c:\users\edselmalasig\documents\github\virtuoso_reality\lib-windows\glew-2.0.0\build\glew.dir\debug\glew.tlog\custombuild.write.1.tlog
c:\users\edselmalasig\documents\github\virtuoso_reality\lib-windows\glew-2.0.0\build\glew.dir\debug\glew.tlog\link-cvtres.read.1.tlog
c:\users\edselmalasig\documents\github\virtuoso_reality\lib-windows\glew-2.0.0\build\glew.dir\debug\glew.tlog\link-cvtres.write.1.tlog
c:\users\edselmalasig\documents\github\virtuoso_reality\lib-windows\glew-2.0.0\build\glew.dir\debug\glew.tlog\link-rc.read.1.tlog
c:\users\edselmalasig\documents\github\virtuoso_reality\lib-windows\glew-2.0.0\build\glew.dir\debug\glew.tlog\link-rc.write.1.tlog
c:\users\edselmalasig\documents\github\virtuoso_reality\lib-windows\glew-2.0.0\build\glew.dir\debug\glew.tlog\link.command.1.tlog
c:\users\edselmalasig\documents\github\virtuoso_reality\lib-windows\glew-2.0.0\build\glew.dir\debug\glew.tlog\link.read.1.tlog
c:\users\edselmalasig\documents\github\virtuoso_reality\lib-windows\glew-2.0.0\build\glew.dir\debug\glew.tlog\link.write.1.tlog
c:\users\edselmalasig\documents\github\virtuoso_reality\lib-windows\glew-2.0.0\build\glew.dir\debug\glew.tlog\rc.command.1.tlog
c:\users\edselmalasig\documents\github\virtuoso_reality\lib-windows\glew-2.0.0\build\glew.dir\debug\glew.tlog\rc.read.1.tlog
c:\users\edselmalasig\documents\github\virtuoso_reality\lib-windows\glew-2.0.0\build\glew.dir\debug\glew.tlog\rc.write.1.tlog
