c:\users\edselmalasig\documents\github\virtuoso_reality\lib-windows\glfw-3.2.1\build\examples\boing.dir\debug\vc140.pdb
c:\users\edselmalasig\documents\github\virtuoso_reality\lib-windows\glfw-3.2.1\build\examples\boing.dir\debug\glad.obj
c:\users\edselmalasig\documents\github\virtuoso_reality\lib-windows\glfw-3.2.1\build\examples\boing.dir\debug\boing.obj
c:\users\edselmalasig\documents\github\virtuoso_reality\lib-windows\glfw-3.2.1\build\examples\cmakefiles\generate.stamp
c:\users\edselmalasig\documents\github\virtuoso_reality\lib-windows\glfw-3.2.1\build\examples\debug\boing.ilk
c:\users\edselmalasig\documents\github\virtuoso_reality\lib-windows\glfw-3.2.1\build\examples\debug\boing.exe
c:\users\edselmalasig\documents\github\virtuoso_reality\lib-windows\glfw-3.2.1\build\examples\debug\boing.pdb
c:\users\edselmalasig\documents\github\virtuoso_reality\lib-windows\glfw-3.2.1\build\examples\boing.dir\debug\glfw.res
c:\users\edselmalasig\documents\github\virtuoso_reality\lib-windows\glfw-3.2.1\build\examples\boing.dir\debug\boing.tlog\cl.command.1.tlog
c:\users\edselmalasig\documents\github\virtuoso_reality\lib-windows\glfw-3.2.1\build\examples\boing.dir\debug\boing.tlog\cl.read.1.tlog
c:\users\edselmalasig\documents\github\virtuoso_reality\lib-windows\glfw-3.2.1\build\examples\boing.dir\debug\boing.tlog\cl.write.1.tlog
c:\users\edselmalasig\documents\github\virtuoso_reality\lib-windows\glfw-3.2.1\build\examples\boing.dir\debug\boing.tlog\custombuild.command.1.tlog
c:\users\edselmalasig\documents\github\virtuoso_reality\lib-windows\glfw-3.2.1\build\examples\boing.dir\debug\boing.tlog\custombuild.read.1.tlog
c:\users\edselmalasig\documents\github\virtuoso_reality\lib-windows\glfw-3.2.1\build\examples\boing.dir\debug\boing.tlog\custombuild.write.1.tlog
c:\users\edselmalasig\documents\github\virtuoso_reality\lib-windows\glfw-3.2.1\build\examples\boing.dir\debug\boing.tlog\link.command.1.tlog
c:\users\edselmalasig\documents\github\virtuoso_reality\lib-windows\glfw-3.2.1\build\examples\boing.dir\debug\boing.tlog\link.read.1.tlog
c:\users\edselmalasig\documents\github\virtuoso_reality\lib-windows\glfw-3.2.1\build\examples\boing.dir\debug\boing.tlog\link.write.1.tlog
c:\users\edselmalasig\documents\github\virtuoso_reality\lib-windows\glfw-3.2.1\build\examples\boing.dir\debug\boing.tlog\rc.command.1.tlog
c:\users\edselmalasig\documents\github\virtuoso_reality\lib-windows\glfw-3.2.1\build\examples\boing.dir\debug\boing.tlog\rc.read.1.tlog
c:\users\edselmalasig\documents\github\virtuoso_reality\lib-windows\glfw-3.2.1\build\examples\boing.dir\debug\boing.tlog\rc.write.1.tlog
