c:\users\edselmalasig\documents\github\virtuoso_reality\lib-windows\glfw-3.2.1\build\examples\wave.dir\debug\vc140.pdb
c:\users\edselmalasig\documents\github\virtuoso_reality\lib-windows\glfw-3.2.1\build\examples\wave.dir\debug\glad.obj
c:\users\edselmalasig\documents\github\virtuoso_reality\lib-windows\glfw-3.2.1\build\examples\wave.dir\debug\wave.obj
c:\users\edselmalasig\documents\github\virtuoso_reality\lib-windows\glfw-3.2.1\build\examples\cmakefiles\generate.stamp
c:\users\edselmalasig\documents\github\virtuoso_reality\lib-windows\glfw-3.2.1\build\examples\debug\wave.ilk
c:\users\edselmalasig\documents\github\virtuoso_reality\lib-windows\glfw-3.2.1\build\examples\debug\wave.exe
c:\users\edselmalasig\documents\github\virtuoso_reality\lib-windows\glfw-3.2.1\build\examples\debug\wave.pdb
c:\users\edselmalasig\documents\github\virtuoso_reality\lib-windows\glfw-3.2.1\build\examples\wave.dir\debug\glfw.res
c:\users\edselmalasig\documents\github\virtuoso_reality\lib-windows\glfw-3.2.1\build\examples\wave.dir\debug\wave.tlog\cl.command.1.tlog
c:\users\edselmalasig\documents\github\virtuoso_reality\lib-windows\glfw-3.2.1\build\examples\wave.dir\debug\wave.tlog\cl.read.1.tlog
c:\users\edselmalasig\documents\github\virtuoso_reality\lib-windows\glfw-3.2.1\build\examples\wave.dir\debug\wave.tlog\cl.write.1.tlog
c:\users\edselmalasig\documents\github\virtuoso_reality\lib-windows\glfw-3.2.1\build\examples\wave.dir\debug\wave.tlog\custombuild.command.1.tlog
c:\users\edselmalasig\documents\github\virtuoso_reality\lib-windows\glfw-3.2.1\build\examples\wave.dir\debug\wave.tlog\custombuild.read.1.tlog
c:\users\edselmalasig\documents\github\virtuoso_reality\lib-windows\glfw-3.2.1\build\examples\wave.dir\debug\wave.tlog\custombuild.write.1.tlog
c:\users\edselmalasig\documents\github\virtuoso_reality\lib-windows\glfw-3.2.1\build\examples\wave.dir\debug\wave.tlog\link.command.1.tlog
c:\users\edselmalasig\documents\github\virtuoso_reality\lib-windows\glfw-3.2.1\build\examples\wave.dir\debug\wave.tlog\link.read.1.tlog
c:\users\edselmalasig\documents\github\virtuoso_reality\lib-windows\glfw-3.2.1\build\examples\wave.dir\debug\wave.tlog\link.write.1.tlog
c:\users\edselmalasig\documents\github\virtuoso_reality\lib-windows\glfw-3.2.1\build\examples\wave.dir\debug\wave.tlog\rc.command.1.tlog
c:\users\edselmalasig\documents\github\virtuoso_reality\lib-windows\glfw-3.2.1\build\examples\wave.dir\debug\wave.tlog\rc.read.1.tlog
c:\users\edselmalasig\documents\github\virtuoso_reality\lib-windows\glfw-3.2.1\build\examples\wave.dir\debug\wave.tlog\rc.write.1.tlog
