c:\users\edselmalasig\documents\github\virtuoso_reality\lib-windows\glfw-3.2.1\build\examples\simple.dir\debug\vc140.pdb
c:\users\edselmalasig\documents\github\virtuoso_reality\lib-windows\glfw-3.2.1\build\examples\simple.dir\debug\glad.obj
c:\users\edselmalasig\documents\github\virtuoso_reality\lib-windows\glfw-3.2.1\build\examples\simple.dir\debug\simple.obj
c:\users\edselmalasig\documents\github\virtuoso_reality\lib-windows\glfw-3.2.1\build\examples\cmakefiles\generate.stamp
c:\users\edselmalasig\documents\github\virtuoso_reality\lib-windows\glfw-3.2.1\build\examples\debug\simple.ilk
c:\users\edselmalasig\documents\github\virtuoso_reality\lib-windows\glfw-3.2.1\build\examples\debug\simple.exe
c:\users\edselmalasig\documents\github\virtuoso_reality\lib-windows\glfw-3.2.1\build\examples\debug\simple.pdb
c:\users\edselmalasig\documents\github\virtuoso_reality\lib-windows\glfw-3.2.1\build\examples\simple.dir\debug\glfw.res
c:\users\edselmalasig\documents\github\virtuoso_reality\lib-windows\glfw-3.2.1\build\examples\simple.dir\debug\simple.tlog\cl.command.1.tlog
c:\users\edselmalasig\documents\github\virtuoso_reality\lib-windows\glfw-3.2.1\build\examples\simple.dir\debug\simple.tlog\cl.read.1.tlog
c:\users\edselmalasig\documents\github\virtuoso_reality\lib-windows\glfw-3.2.1\build\examples\simple.dir\debug\simple.tlog\cl.write.1.tlog
c:\users\edselmalasig\documents\github\virtuoso_reality\lib-windows\glfw-3.2.1\build\examples\simple.dir\debug\simple.tlog\custombuild.command.1.tlog
c:\users\edselmalasig\documents\github\virtuoso_reality\lib-windows\glfw-3.2.1\build\examples\simple.dir\debug\simple.tlog\custombuild.read.1.tlog
c:\users\edselmalasig\documents\github\virtuoso_reality\lib-windows\glfw-3.2.1\build\examples\simple.dir\debug\simple.tlog\custombuild.write.1.tlog
c:\users\edselmalasig\documents\github\virtuoso_reality\lib-windows\glfw-3.2.1\build\examples\simple.dir\debug\simple.tlog\link.command.1.tlog
c:\users\edselmalasig\documents\github\virtuoso_reality\lib-windows\glfw-3.2.1\build\examples\simple.dir\debug\simple.tlog\link.read.1.tlog
c:\users\edselmalasig\documents\github\virtuoso_reality\lib-windows\glfw-3.2.1\build\examples\simple.dir\debug\simple.tlog\link.write.1.tlog
c:\users\edselmalasig\documents\github\virtuoso_reality\lib-windows\glfw-3.2.1\build\examples\simple.dir\debug\simple.tlog\rc.command.1.tlog
c:\users\edselmalasig\documents\github\virtuoso_reality\lib-windows\glfw-3.2.1\build\examples\simple.dir\debug\simple.tlog\rc.read.1.tlog
c:\users\edselmalasig\documents\github\virtuoso_reality\lib-windows\glfw-3.2.1\build\examples\simple.dir\debug\simple.tlog\rc.write.1.tlog
